2017-11-22 16:33:25,402|servode |INFO: Registry entry:'ID' has value: 5
2017-11-22 16:33:25,404|servode |INFO: Registry entry:'LED' has value: 0
2017-11-22 16:33:25,407|servode |INFO: Registry entry:'alarm_LED' has value: 36
2017-11-22 16:33:25,410|servode |INFO: Registry entry:'alarm_shutdown' has value: 36
2017-11-22 16:33:25,412|servode |INFO: Registry entry:'baud_rate' has value: 1
2017-11-22 16:33:25,415|servode |INFO: Registry entry:'ccw_angle_limit' has value: 1023
2017-11-22 16:33:25,418|servode |INFO: Registry entry:'ccw_compliance_margin' has value: 1
2017-11-22 16:33:25,420|servode |INFO: Registry entry:'ccw_compliance_slope' has value: 144
2017-11-22 16:33:25,423|servode |INFO: Registry entry:'cw_angle_limit' has value: 0
2017-11-22 16:33:25,425|servode |INFO: Registry entry:'cw_compliance_margin' has value: 1
2017-11-22 16:33:25,428|servode |INFO: Registry entry:'cw_compliance_slope' has value: 144
2017-11-22 16:33:25,431|servode |INFO: Registry entry:'firmware_version' has value: 24
2017-11-22 16:33:25,433|servode |INFO: Registry entry:'goal_position' has value: 333
2017-11-22 16:33:25,436|servode |INFO: Registry entry:'highest_limit_temperature' has value: 70
2017-11-22 16:33:25,439|servode |INFO: Registry entry:'highest_limit_voltage' has value: 140
2017-11-22 16:33:25,441|servode |INFO: Registry entry:'lock' has value: 0
2017-11-22 16:33:25,444|servode |INFO: Registry entry:'lowest_limit_voltage' has value: 60
2017-11-22 16:33:25,447|servode |INFO: Registry entry:'max_torque' has value: 1023
2017-11-22 16:33:25,449|servode |INFO: Registry entry:'model_number' has value: 12
2017-11-22 16:33:25,452|servode |INFO: Registry entry:'moving' has value: 0
2017-11-22 16:33:25,455|servode |INFO: Registry entry:'moving_speed' has value: 100
2017-11-22 16:33:25,457|servode |INFO: Registry entry:'present_load' has value: 0
2017-11-22 16:33:25,460|servode |INFO: Registry entry:'present_position' has value: 333
2017-11-22 16:33:25,463|servode |INFO: Registry entry:'present_speed' has value: 0
2017-11-22 16:33:25,465|servode |INFO: Registry entry:'present_temperature' has value: 42
2017-11-22 16:33:25,468|servode |INFO: Registry entry:'present_voltage' has value: 121
2017-11-22 16:33:25,470|servode |INFO: Registry entry:'punch' has value: 32
2017-11-22 16:33:25,473|servode |INFO: Registry entry:'registered_instruction' has value: 0
2017-11-22 16:33:25,476|servode |INFO: Registry entry:'return_delay' has value: 250
2017-11-22 16:33:25,478|servode |INFO: Registry entry:'status_return_level' has value: 2
2017-11-22 16:33:25,481|servode |INFO: Registry entry:'torque_enable' has value: 1
2017-11-22 16:33:25,484|servode |INFO: Registry entry:'torque_limit' has value: 1023
